<?xml version="1.0" encoding="UTF-8"?>
<testsuite xmlns:xsi="http://www.w3.org/2001/XMLSchema-instance" xsi:noNamespaceSchemaLocation="https://maven.apache.org/surefire/maven-surefire-plugin/xsd/surefire-test-report.xsd" name="org.apache.commons.failure.tests.Tests" time="0.018" tests="4" errors="0" skipped="0" failures="0">
  <properties>
[...]
</properties>
  <testcase name="failure_exception_evaluation_test" classname="org.apache.commons.failure.tests.Tests" time="0.012"/>
  <testcase name="failure_value_evaluation_test" classname="org.apache.commons.failure.tests.Tests" time="0"/>
  <testcase name="success_evaluation_test" classname="org.apache.commons.failure.tests.Tests" time="0.001"/>
  <testcase name="failure_creation_test" classname="org.apache.commons.failure.tests.Tests" time="0.001"/>
</testsuite>